[0.229s] DEBUG:colcon:Command line arguments: ['/usr/bin/colcon', 'build']
[0.229s] DEBUG:colcon:Parsed command line arguments: Namespace(log_base=None, log_level=None, verb_name='build', build_base='build', install_base='install', merge_install=False, symlink_install=False, test_result_base=None, continue_on_error=False, executor='parallel', parallel_workers=12, event_handlers=None, ignore_user_meta=False, metas=['./colcon.meta'], base_paths=['.'], packages_ignore=None, packages_ignore_regex=None, paths=None, packages_up_to=None, packages_up_to_regex=None, packages_above=None, packages_above_and_dependencies=None, packages_above_depth=None, packages_select_by_dep=None, packages_skip_by_dep=None, packages_skip_up_to=None, packages_select_build_failed=False, packages_skip_build_finished=False, packages_select_test_failures=False, packages_skip_test_passed=False, packages_select=None, packages_skip=None, packages_select_regex=None, packages_skip_regex=None, packages_start=None, packages_end=None, allow_overriding=[], cmake_args=None, cmake_target=None, cmake_target_skip_unavailable=False, cmake_clean_cache=False, cmake_clean_first=False, cmake_force_configure=False, ament_cmake_args=None, catkin_cmake_args=None, catkin_skip_building_tests=False, verb_parser=<colcon_defaults.argument_parser.defaults.DefaultArgumentsDecorator object at 0x7fbc03faa5f0>, verb_extension=<colcon_core.verb.build.BuildVerb object at 0x7fbc04907e80>, main=<bound method BuildVerb.main of <colcon_core.verb.build.BuildVerb object at 0x7fbc04907e80>>)
[0.247s] Level 1:colcon.colcon_core.package_discovery:discover_packages(colcon_meta) check parameters
[0.247s] Level 1:colcon.colcon_core.package_discovery:discover_packages(recursive) check parameters
[0.247s] Level 1:colcon.colcon_core.package_discovery:discover_packages(ignore) check parameters
[0.247s] Level 1:colcon.colcon_core.package_discovery:discover_packages(path) check parameters
[0.247s] Level 1:colcon.colcon_core.package_discovery:discover_packages(colcon_meta) discover
[0.247s] Level 1:colcon.colcon_core.package_discovery:discover_packages(recursive) discover
[0.247s] INFO:colcon.colcon_core.package_discovery:Crawling recursively for packages in '/home/salman/Desktop/turtle/practicatortuga'
[0.247s] Level 1:colcon.colcon_core.package_identification:_identify(.) by extensions ['ignore', 'ignore_ament_install']
[0.247s] Level 1:colcon.colcon_core.package_identification:_identify(.) by extension 'ignore'
[0.247s] Level 1:colcon.colcon_core.package_identification:_identify(.) by extension 'ignore_ament_install'
[0.247s] Level 1:colcon.colcon_core.package_identification:_identify(.) by extensions ['colcon_pkg']
[0.247s] Level 1:colcon.colcon_core.package_identification:_identify(.) by extension 'colcon_pkg'
[0.247s] Level 1:colcon.colcon_core.package_identification:_identify(.) by extensions ['colcon_meta']
[0.247s] Level 1:colcon.colcon_core.package_identification:_identify(.) by extension 'colcon_meta'
[0.247s] Level 1:colcon.colcon_core.package_identification:_identify(.) by extensions ['ros']
[0.247s] Level 1:colcon.colcon_core.package_identification:_identify(.) by extension 'ros'
[0.262s] Level 1:colcon.colcon_core.package_identification:_identify(.) by extensions ['cmake', 'python']
[0.262s] Level 1:colcon.colcon_core.package_identification:_identify(.) by extension 'cmake'
[0.262s] Level 1:colcon.colcon_core.package_identification:_identify(.) by extension 'python'
[0.262s] Level 1:colcon.colcon_core.package_identification:_identify(.) by extensions ['python_setup_py']
[0.262s] Level 1:colcon.colcon_core.package_identification:_identify(.) by extension 'python_setup_py'
[0.263s] Level 1:colcon.colcon_core.package_identification:_identify(build) by extensions ['ignore', 'ignore_ament_install']
[0.263s] Level 1:colcon.colcon_core.package_identification:_identify(build) by extension 'ignore'
[0.263s] Level 1:colcon.colcon_core.package_identification:_identify(build) ignored
[0.263s] Level 1:colcon.colcon_core.package_identification:_identify(install) by extensions ['ignore', 'ignore_ament_install']
[0.263s] Level 1:colcon.colcon_core.package_identification:_identify(install) by extension 'ignore'
[0.263s] Level 1:colcon.colcon_core.package_identification:_identify(install) ignored
[0.263s] Level 1:colcon.colcon_core.package_identification:_identify(launch) by extensions ['ignore', 'ignore_ament_install']
[0.263s] Level 1:colcon.colcon_core.package_identification:_identify(launch) by extension 'ignore'
[0.263s] Level 1:colcon.colcon_core.package_identification:_identify(launch) by extension 'ignore_ament_install'
[0.263s] Level 1:colcon.colcon_core.package_identification:_identify(launch) by extensions ['colcon_pkg']
[0.263s] Level 1:colcon.colcon_core.package_identification:_identify(launch) by extension 'colcon_pkg'
[0.263s] Level 1:colcon.colcon_core.package_identification:_identify(launch) by extensions ['colcon_meta']
[0.263s] Level 1:colcon.colcon_core.package_identification:_identify(launch) by extension 'colcon_meta'
[0.263s] Level 1:colcon.colcon_core.package_identification:_identify(launch) by extensions ['ros']
[0.263s] Level 1:colcon.colcon_core.package_identification:_identify(launch) by extension 'ros'
[0.263s] Level 1:colcon.colcon_core.package_identification:_identify(launch) by extensions ['cmake', 'python']
[0.263s] Level 1:colcon.colcon_core.package_identification:_identify(launch) by extension 'cmake'
[0.263s] Level 1:colcon.colcon_core.package_identification:_identify(launch) by extension 'python'
[0.263s] Level 1:colcon.colcon_core.package_identification:_identify(launch) by extensions ['python_setup_py']
[0.263s] Level 1:colcon.colcon_core.package_identification:_identify(launch) by extension 'python_setup_py'
[0.264s] Level 1:colcon.colcon_core.package_identification:_identify(launch/__pycache__) by extensions ['ignore', 'ignore_ament_install']
[0.264s] Level 1:colcon.colcon_core.package_identification:_identify(launch/__pycache__) by extension 'ignore'
[0.264s] Level 1:colcon.colcon_core.package_identification:_identify(launch/__pycache__) by extension 'ignore_ament_install'
[0.264s] Level 1:colcon.colcon_core.package_identification:_identify(launch/__pycache__) by extensions ['colcon_pkg']
[0.264s] Level 1:colcon.colcon_core.package_identification:_identify(launch/__pycache__) by extension 'colcon_pkg'
[0.264s] Level 1:colcon.colcon_core.package_identification:_identify(launch/__pycache__) by extensions ['colcon_meta']
[0.264s] Level 1:colcon.colcon_core.package_identification:_identify(launch/__pycache__) by extension 'colcon_meta'
[0.264s] Level 1:colcon.colcon_core.package_identification:_identify(launch/__pycache__) by extensions ['ros']
[0.264s] Level 1:colcon.colcon_core.package_identification:_identify(launch/__pycache__) by extension 'ros'
[0.264s] Level 1:colcon.colcon_core.package_identification:_identify(launch/__pycache__) by extensions ['cmake', 'python']
[0.264s] Level 1:colcon.colcon_core.package_identification:_identify(launch/__pycache__) by extension 'cmake'
[0.264s] Level 1:colcon.colcon_core.package_identification:_identify(launch/__pycache__) by extension 'python'
[0.264s] Level 1:colcon.colcon_core.package_identification:_identify(launch/__pycache__) by extensions ['python_setup_py']
[0.264s] Level 1:colcon.colcon_core.package_identification:_identify(launch/__pycache__) by extension 'python_setup_py'
[0.264s] Level 1:colcon.colcon_core.package_identification:_identify(log) by extensions ['ignore', 'ignore_ament_install']
[0.264s] Level 1:colcon.colcon_core.package_identification:_identify(log) by extension 'ignore'
[0.264s] Level 1:colcon.colcon_core.package_identification:_identify(log) ignored
[0.264s] Level 1:colcon.colcon_core.package_identification:_identify(src) by extensions ['ignore', 'ignore_ament_install']
[0.264s] Level 1:colcon.colcon_core.package_identification:_identify(src) by extension 'ignore'
[0.264s] Level 1:colcon.colcon_core.package_identification:_identify(src) by extension 'ignore_ament_install'
[0.264s] Level 1:colcon.colcon_core.package_identification:_identify(src) by extensions ['colcon_pkg']
[0.264s] Level 1:colcon.colcon_core.package_identification:_identify(src) by extension 'colcon_pkg'
[0.265s] Level 1:colcon.colcon_core.package_identification:_identify(src) by extensions ['colcon_meta']
[0.265s] Level 1:colcon.colcon_core.package_identification:_identify(src) by extension 'colcon_meta'
[0.265s] Level 1:colcon.colcon_core.package_identification:_identify(src) by extensions ['ros']
[0.265s] Level 1:colcon.colcon_core.package_identification:_identify(src) by extension 'ros'
[0.265s] Level 1:colcon.colcon_core.package_identification:_identify(src) by extensions ['cmake', 'python']
[0.265s] Level 1:colcon.colcon_core.package_identification:_identify(src) by extension 'cmake'
[0.265s] Level 1:colcon.colcon_core.package_identification:_identify(src) by extension 'python'
[0.265s] Level 1:colcon.colcon_core.package_identification:_identify(src) by extensions ['python_setup_py']
[0.265s] Level 1:colcon.colcon_core.package_identification:_identify(src) by extension 'python_setup_py'
[0.265s] Level 1:colcon.colcon_core.package_identification:_identify(src/tortuga) by extensions ['ignore', 'ignore_ament_install']
[0.265s] Level 1:colcon.colcon_core.package_identification:_identify(src/tortuga) by extension 'ignore'
[0.265s] Level 1:colcon.colcon_core.package_identification:_identify(src/tortuga) by extension 'ignore_ament_install'
[0.265s] Level 1:colcon.colcon_core.package_identification:_identify(src/tortuga) by extensions ['colcon_pkg']
[0.265s] Level 1:colcon.colcon_core.package_identification:_identify(src/tortuga) by extension 'colcon_pkg'
[0.265s] Level 1:colcon.colcon_core.package_identification:_identify(src/tortuga) by extensions ['colcon_meta']
[0.265s] Level 1:colcon.colcon_core.package_identification:_identify(src/tortuga) by extension 'colcon_meta'
[0.265s] Level 1:colcon.colcon_core.package_identification:_identify(src/tortuga) by extensions ['ros']
[0.265s] Level 1:colcon.colcon_core.package_identification:_identify(src/tortuga) by extension 'ros'
[0.267s] DEBUG:colcon.colcon_core.package_identification:Package 'src/tortuga' with type 'ros.ament_python' and name 'tortuga'
[0.268s] Level 1:colcon.colcon_core.package_discovery:discover_packages(recursive) using defaults
[0.268s] Level 1:colcon.colcon_core.package_discovery:discover_packages(ignore) discover
[0.268s] Level 1:colcon.colcon_core.package_discovery:discover_packages(ignore) using defaults
[0.268s] Level 1:colcon.colcon_core.package_discovery:discover_packages(path) discover
[0.268s] Level 1:colcon.colcon_core.package_discovery:discover_packages(path) using defaults
[0.286s] Level 1:colcon.colcon_core.package_discovery:discover_packages(prefix_path) check parameters
[0.286s] Level 1:colcon.colcon_core.package_discovery:discover_packages(prefix_path) discover
[0.288s] DEBUG:colcon.colcon_installed_package_information.package_discovery:Found 1 installed packages in /home/salman/Desktop/turtle/practicatortuga/install
[0.289s] DEBUG:colcon.colcon_installed_package_information.package_discovery:Found 270 installed packages in /opt/ros/humble
[0.290s] Level 1:colcon.colcon_core.package_discovery:discover_packages(prefix_path) using defaults
[0.337s] Level 5:colcon.colcon_core.verb:set package 'tortuga' build argument 'cmake_args' from command line to 'None'
[0.337s] Level 5:colcon.colcon_core.verb:set package 'tortuga' build argument 'cmake_target' from command line to 'None'
[0.337s] Level 5:colcon.colcon_core.verb:set package 'tortuga' build argument 'cmake_target_skip_unavailable' from command line to 'False'
[0.337s] Level 5:colcon.colcon_core.verb:set package 'tortuga' build argument 'cmake_clean_cache' from command line to 'False'
[0.337s] Level 5:colcon.colcon_core.verb:set package 'tortuga' build argument 'cmake_clean_first' from command line to 'False'
[0.337s] Level 5:colcon.colcon_core.verb:set package 'tortuga' build argument 'cmake_force_configure' from command line to 'False'
[0.337s] Level 5:colcon.colcon_core.verb:set package 'tortuga' build argument 'ament_cmake_args' from command line to 'None'
[0.337s] Level 5:colcon.colcon_core.verb:set package 'tortuga' build argument 'catkin_cmake_args' from command line to 'None'
[0.337s] Level 5:colcon.colcon_core.verb:set package 'tortuga' build argument 'catkin_skip_building_tests' from command line to 'False'
[0.337s] DEBUG:colcon.colcon_core.verb:Building package 'tortuga' with the following arguments: {'ament_cmake_args': None, 'build_base': '/home/salman/Desktop/turtle/practicatortuga/build/tortuga', 'catkin_cmake_args': None, 'catkin_skip_building_tests': False, 'cmake_args': None, 'cmake_clean_cache': False, 'cmake_clean_first': False, 'cmake_force_configure': False, 'cmake_target': None, 'cmake_target_skip_unavailable': False, 'install_base': '/home/salman/Desktop/turtle/practicatortuga/install/tortuga', 'merge_install': False, 'path': '/home/salman/Desktop/turtle/practicatortuga/src/tortuga', 'symlink_install': False, 'test_result_base': None}
[0.338s] INFO:colcon.colcon_core.executor:Executing jobs using 'parallel' executor
[0.341s] DEBUG:colcon.colcon_parallel_executor.executor.parallel:run_until_complete
[0.341s] INFO:colcon.colcon_ros.task.ament_python.build:Building ROS package in '/home/salman/Desktop/turtle/practicatortuga/src/tortuga' with build type 'ament_python'
[0.341s] Level 1:colcon.colcon_core.shell:create_environment_hook('tortuga', 'ament_prefix_path')
[0.344s] INFO:colcon.colcon_core.plugin_system:Skipping extension 'colcon_core.shell.bat': Not used on non-Windows systems
[0.344s] INFO:colcon.colcon_core.shell:Creating environment hook '/home/salman/Desktop/turtle/practicatortuga/install/tortuga/share/tortuga/hook/ament_prefix_path.ps1'
[0.345s] INFO:colcon.colcon_core.shell:Creating environment descriptor '/home/salman/Desktop/turtle/practicatortuga/install/tortuga/share/tortuga/hook/ament_prefix_path.dsv'
[0.345s] INFO:colcon.colcon_core.shell:Creating environment hook '/home/salman/Desktop/turtle/practicatortuga/install/tortuga/share/tortuga/hook/ament_prefix_path.sh'
[0.346s] INFO:colcon.colcon_core.shell:Skip shell extension 'powershell' for command environment: Not usable outside of PowerShell
[0.347s] DEBUG:colcon.colcon_core.shell:Skip shell extension 'dsv' for command environment
[0.531s] INFO:colcon.colcon_core.task.python.build:Building Python package in '/home/salman/Desktop/turtle/practicatortuga/src/tortuga'
[0.532s] INFO:colcon.colcon_core.shell:Skip shell extension 'powershell' for command environment: Not usable outside of PowerShell
[0.532s] DEBUG:colcon.colcon_core.shell:Skip shell extension 'dsv' for command environment
[0.775s] DEBUG:colcon.colcon_core.event_handler.log_command:Invoking command in '/home/salman/Desktop/turtle/practicatortuga/src/tortuga': PYTHONPATH=/home/salman/Desktop/turtle/practicatortuga/install/tortuga/lib/python3.10/site-packages:${PYTHONPATH} /usr/bin/python3 setup.py egg_info --egg-base ../../build/tortuga build --build-base /home/salman/Desktop/turtle/practicatortuga/build/tortuga/build install --prefix /home/salman/Desktop/turtle/practicatortuga/install/tortuga --record /home/salman/Desktop/turtle/practicatortuga/build/tortuga/install.log --single-version-externally-managed
[1.002s] DEBUG:colcon.colcon_core.event_handler.log_command:Invoked command in '/home/salman/Desktop/turtle/practicatortuga/src/tortuga' returned '0': PYTHONPATH=/home/salman/Desktop/turtle/practicatortuga/install/tortuga/lib/python3.10/site-packages:${PYTHONPATH} /usr/bin/python3 setup.py egg_info --egg-base ../../build/tortuga build --build-base /home/salman/Desktop/turtle/practicatortuga/build/tortuga/build install --prefix /home/salman/Desktop/turtle/practicatortuga/install/tortuga --record /home/salman/Desktop/turtle/practicatortuga/build/tortuga/install.log --single-version-externally-managed
[1.006s] Level 1:colcon.colcon_core.environment:checking '/home/salman/Desktop/turtle/practicatortuga/install/tortuga' for CMake module files
[1.007s] Level 1:colcon.colcon_core.environment:checking '/home/salman/Desktop/turtle/practicatortuga/install/tortuga' for CMake config files
[1.007s] Level 1:colcon.colcon_core.environment:checking '/home/salman/Desktop/turtle/practicatortuga/install/tortuga/lib'
[1.007s] Level 1:colcon.colcon_core.environment:checking '/home/salman/Desktop/turtle/practicatortuga/install/tortuga/bin'
[1.007s] Level 1:colcon.colcon_core.environment:checking '/home/salman/Desktop/turtle/practicatortuga/install/tortuga/lib/pkgconfig/tortuga.pc'
[1.007s] Level 1:colcon.colcon_core.environment:checking '/home/salman/Desktop/turtle/practicatortuga/install/tortuga/lib/python3.10/site-packages'
[1.007s] Level 1:colcon.colcon_core.shell:create_environment_hook('tortuga', 'pythonpath')
[1.008s] INFO:colcon.colcon_core.shell:Creating environment hook '/home/salman/Desktop/turtle/practicatortuga/install/tortuga/share/tortuga/hook/pythonpath.ps1'
[1.009s] INFO:colcon.colcon_core.shell:Creating environment descriptor '/home/salman/Desktop/turtle/practicatortuga/install/tortuga/share/tortuga/hook/pythonpath.dsv'
[1.009s] INFO:colcon.colcon_core.shell:Creating environment hook '/home/salman/Desktop/turtle/practicatortuga/install/tortuga/share/tortuga/hook/pythonpath.sh'
[1.009s] Level 1:colcon.colcon_core.environment:checking '/home/salman/Desktop/turtle/practicatortuga/install/tortuga/bin'
[1.009s] Level 1:colcon.colcon_core.environment:create_environment_scripts_only(tortuga)
[1.011s] INFO:colcon.colcon_core.shell:Creating package script '/home/salman/Desktop/turtle/practicatortuga/install/tortuga/share/tortuga/package.ps1'
[1.012s] INFO:colcon.colcon_core.shell:Creating package descriptor '/home/salman/Desktop/turtle/practicatortuga/install/tortuga/share/tortuga/package.dsv'
[1.012s] INFO:colcon.colcon_core.shell:Creating package script '/home/salman/Desktop/turtle/practicatortuga/install/tortuga/share/tortuga/package.sh'
[1.013s] INFO:colcon.colcon_core.shell:Creating package script '/home/salman/Desktop/turtle/practicatortuga/install/tortuga/share/tortuga/package.bash'
[1.014s] INFO:colcon.colcon_core.shell:Creating package script '/home/salman/Desktop/turtle/practicatortuga/install/tortuga/share/tortuga/package.zsh'
[1.014s] Level 1:colcon.colcon_core.environment:create_file_with_runtime_dependencies(/home/salman/Desktop/turtle/practicatortuga/install/tortuga/share/colcon-core/packages/tortuga)
[1.014s] DEBUG:colcon.colcon_parallel_executor.executor.parallel:closing loop
[1.015s] DEBUG:colcon.colcon_parallel_executor.executor.parallel:loop closed
[1.015s] DEBUG:colcon.colcon_parallel_executor.executor.parallel:run_until_complete finished with '0'
[1.015s] DEBUG:colcon.colcon_core.event_reactor:joining thread
[1.020s] INFO:colcon.colcon_core.plugin_system:Skipping extension 'colcon_notification.desktop_notification.terminal_notifier': Not used on non-Darwin systems
[1.020s] INFO:colcon.colcon_core.plugin_system:Skipping extension 'colcon_notification.desktop_notification.win32': Not used on non-Windows systems
[1.020s] INFO:colcon.colcon_notification.desktop_notification:Sending desktop notification using 'notify2'
[1.029s] DEBUG:colcon.colcon_core.event_reactor:joined thread
[1.031s] INFO:colcon.colcon_core.shell:Creating prefix script '/home/salman/Desktop/turtle/practicatortuga/install/local_setup.ps1'
[1.032s] INFO:colcon.colcon_core.shell:Creating prefix util module '/home/salman/Desktop/turtle/practicatortuga/install/_local_setup_util_ps1.py'
[1.034s] INFO:colcon.colcon_core.shell:Creating prefix chain script '/home/salman/Desktop/turtle/practicatortuga/install/setup.ps1'
[1.035s] INFO:colcon.colcon_core.shell:Creating prefix script '/home/salman/Desktop/turtle/practicatortuga/install/local_setup.sh'
[1.035s] INFO:colcon.colcon_core.shell:Creating prefix util module '/home/salman/Desktop/turtle/practicatortuga/install/_local_setup_util_sh.py'
[1.035s] INFO:colcon.colcon_core.shell:Creating prefix chain script '/home/salman/Desktop/turtle/practicatortuga/install/setup.sh'
[1.036s] INFO:colcon.colcon_core.shell:Creating prefix script '/home/salman/Desktop/turtle/practicatortuga/install/local_setup.bash'
[1.037s] INFO:colcon.colcon_core.shell:Creating prefix chain script '/home/salman/Desktop/turtle/practicatortuga/install/setup.bash'
[1.038s] INFO:colcon.colcon_core.shell:Creating prefix script '/home/salman/Desktop/turtle/practicatortuga/install/local_setup.zsh'
[1.039s] INFO:colcon.colcon_core.shell:Creating prefix chain script '/home/salman/Desktop/turtle/practicatortuga/install/setup.zsh'
