[9.940s] DEBUG:colcon:Command line arguments: ['/usr/bin/colcon', 'build']
[9.941s] DEBUG:colcon:Parsed command line arguments: Namespace(log_base=None, log_level=None, verb_name='build', build_base='build', install_base='install', merge_install=False, symlink_install=False, test_result_base=None, continue_on_error=False, executor='parallel', parallel_workers=12, event_handlers=None, ignore_user_meta=False, metas=['./colcon.meta'], base_paths=['.'], packages_ignore=None, packages_ignore_regex=None, paths=None, packages_up_to=None, packages_up_to_regex=None, packages_above=None, packages_above_and_dependencies=None, packages_above_depth=None, packages_select_by_dep=None, packages_skip_by_dep=None, packages_skip_up_to=None, packages_select_build_failed=False, packages_skip_build_finished=False, packages_select_test_failures=False, packages_skip_test_passed=False, packages_select=None, packages_skip=None, packages_select_regex=None, packages_skip_regex=None, packages_start=None, packages_end=None, allow_overriding=[], cmake_args=None, cmake_target=None, cmake_target_skip_unavailable=False, cmake_clean_cache=False, cmake_clean_first=False, cmake_force_configure=False, ament_cmake_args=None, catkin_cmake_args=None, catkin_skip_building_tests=False, verb_parser=<colcon_defaults.argument_parser.defaults.DefaultArgumentsDecorator object at 0x7f4b7aa9a200>, verb_extension=<colcon_core.verb.build.BuildVerb object at 0x7f4b7b4328c0>, main=<bound method BuildVerb.main of <colcon_core.verb.build.BuildVerb object at 0x7f4b7b4328c0>>)
[10.236s] Level 1:colcon.colcon_core.package_discovery:discover_packages(colcon_meta) check parameters
[10.236s] Level 1:colcon.colcon_core.package_discovery:discover_packages(recursive) check parameters
[10.236s] Level 1:colcon.colcon_core.package_discovery:discover_packages(ignore) check parameters
[10.237s] Level 1:colcon.colcon_core.package_discovery:discover_packages(path) check parameters
[10.237s] Level 1:colcon.colcon_core.package_discovery:discover_packages(colcon_meta) discover
[10.237s] Level 1:colcon.colcon_core.package_discovery:discover_packages(recursive) discover
[10.237s] INFO:colcon.colcon_core.package_discovery:Crawling recursively for packages in '/home/salman/Desktop/turtle/practicatortuga'
[10.237s] Level 1:colcon.colcon_core.package_identification:_identify(.) by extensions ['ignore', 'ignore_ament_install']
[10.238s] Level 1:colcon.colcon_core.package_identification:_identify(.) by extension 'ignore'
[10.238s] Level 1:colcon.colcon_core.package_identification:_identify(.) by extension 'ignore_ament_install'
[10.238s] Level 1:colcon.colcon_core.package_identification:_identify(.) by extensions ['colcon_pkg']
[10.238s] Level 1:colcon.colcon_core.package_identification:_identify(.) by extension 'colcon_pkg'
[10.239s] Level 1:colcon.colcon_core.package_identification:_identify(.) by extensions ['colcon_meta']
[10.239s] Level 1:colcon.colcon_core.package_identification:_identify(.) by extension 'colcon_meta'
[10.239s] Level 1:colcon.colcon_core.package_identification:_identify(.) by extensions ['ros']
[10.239s] Level 1:colcon.colcon_core.package_identification:_identify(.) by extension 'ros'
[10.442s] Level 1:colcon.colcon_core.package_identification:_identify(.) by extensions ['cmake', 'python']
[10.443s] Level 1:colcon.colcon_core.package_identification:_identify(.) by extension 'cmake'
[10.443s] Level 1:colcon.colcon_core.package_identification:_identify(.) by extension 'python'
[10.443s] Level 1:colcon.colcon_core.package_identification:_identify(.) by extensions ['python_setup_py']
[10.443s] Level 1:colcon.colcon_core.package_identification:_identify(.) by extension 'python_setup_py'
[10.444s] Level 1:colcon.colcon_core.package_identification:_identify(build) by extensions ['ignore', 'ignore_ament_install']
[10.444s] Level 1:colcon.colcon_core.package_identification:_identify(build) by extension 'ignore'
[10.444s] Level 1:colcon.colcon_core.package_identification:_identify(build) ignored
[10.445s] Level 1:colcon.colcon_core.package_identification:_identify(install) by extensions ['ignore', 'ignore_ament_install']
[10.445s] Level 1:colcon.colcon_core.package_identification:_identify(install) by extension 'ignore'
[10.445s] Level 1:colcon.colcon_core.package_identification:_identify(install) ignored
[10.446s] Level 1:colcon.colcon_core.package_identification:_identify(log) by extensions ['ignore', 'ignore_ament_install']
[10.446s] Level 1:colcon.colcon_core.package_identification:_identify(log) by extension 'ignore'
[10.446s] Level 1:colcon.colcon_core.package_identification:_identify(log) ignored
[10.446s] Level 1:colcon.colcon_core.package_identification:_identify(src) by extensions ['ignore', 'ignore_ament_install']
[10.447s] Level 1:colcon.colcon_core.package_identification:_identify(src) by extension 'ignore'
[10.447s] Level 1:colcon.colcon_core.package_identification:_identify(src) by extension 'ignore_ament_install'
[10.447s] Level 1:colcon.colcon_core.package_identification:_identify(src) by extensions ['colcon_pkg']
[10.447s] Level 1:colcon.colcon_core.package_identification:_identify(src) by extension 'colcon_pkg'
[10.447s] Level 1:colcon.colcon_core.package_identification:_identify(src) by extensions ['colcon_meta']
[10.447s] Level 1:colcon.colcon_core.package_identification:_identify(src) by extension 'colcon_meta'
[10.448s] Level 1:colcon.colcon_core.package_identification:_identify(src) by extensions ['ros']
[10.448s] Level 1:colcon.colcon_core.package_identification:_identify(src) by extension 'ros'
[10.448s] Level 1:colcon.colcon_core.package_identification:_identify(src) by extensions ['cmake', 'python']
[10.448s] Level 1:colcon.colcon_core.package_identification:_identify(src) by extension 'cmake'
[10.448s] Level 1:colcon.colcon_core.package_identification:_identify(src) by extension 'python'
[10.448s] Level 1:colcon.colcon_core.package_identification:_identify(src) by extensions ['python_setup_py']
[10.448s] Level 1:colcon.colcon_core.package_identification:_identify(src) by extension 'python_setup_py'
[10.449s] Level 1:colcon.colcon_core.package_identification:_identify(src/tortuga) by extensions ['ignore', 'ignore_ament_install']
[10.449s] Level 1:colcon.colcon_core.package_identification:_identify(src/tortuga) by extension 'ignore'
[10.449s] Level 1:colcon.colcon_core.package_identification:_identify(src/tortuga) by extension 'ignore_ament_install'
[10.449s] Level 1:colcon.colcon_core.package_identification:_identify(src/tortuga) by extensions ['colcon_pkg']
[10.449s] Level 1:colcon.colcon_core.package_identification:_identify(src/tortuga) by extension 'colcon_pkg'
[10.449s] Level 1:colcon.colcon_core.package_identification:_identify(src/tortuga) by extensions ['colcon_meta']
[10.450s] Level 1:colcon.colcon_core.package_identification:_identify(src/tortuga) by extension 'colcon_meta'
[10.450s] Level 1:colcon.colcon_core.package_identification:_identify(src/tortuga) by extensions ['ros']
[10.450s] Level 1:colcon.colcon_core.package_identification:_identify(src/tortuga) by extension 'ros'
[10.482s] DEBUG:colcon.colcon_core.package_identification:Package 'src/tortuga' with type 'ros.ament_python' and name 'tortuga'
[10.482s] Level 1:colcon.colcon_core.package_discovery:discover_packages(recursive) using defaults
[10.483s] Level 1:colcon.colcon_core.package_discovery:discover_packages(ignore) discover
[10.483s] Level 1:colcon.colcon_core.package_discovery:discover_packages(ignore) using defaults
[10.483s] Level 1:colcon.colcon_core.package_discovery:discover_packages(path) discover
[10.483s] Level 1:colcon.colcon_core.package_discovery:discover_packages(path) using defaults
[10.718s] Level 1:colcon.colcon_core.package_discovery:discover_packages(prefix_path) check parameters
[10.718s] Level 1:colcon.colcon_core.package_discovery:discover_packages(prefix_path) discover
[10.796s] DEBUG:colcon.colcon_installed_package_information.package_discovery:Found 1 installed packages in /home/salman/Desktop/turtle/practicatortuga/install
[10.798s] DEBUG:colcon.colcon_installed_package_information.package_discovery:Found 270 installed packages in /opt/ros/humble
[10.799s] Level 1:colcon.colcon_core.package_discovery:discover_packages(prefix_path) using defaults
[10.935s] Level 5:colcon.colcon_core.verb:set package 'tortuga' build argument 'cmake_args' from command line to 'None'
[10.935s] Level 5:colcon.colcon_core.verb:set package 'tortuga' build argument 'cmake_target' from command line to 'None'
[10.935s] Level 5:colcon.colcon_core.verb:set package 'tortuga' build argument 'cmake_target_skip_unavailable' from command line to 'False'
[10.935s] Level 5:colcon.colcon_core.verb:set package 'tortuga' build argument 'cmake_clean_cache' from command line to 'False'
[10.935s] Level 5:colcon.colcon_core.verb:set package 'tortuga' build argument 'cmake_clean_first' from command line to 'False'
[10.935s] Level 5:colcon.colcon_core.verb:set package 'tortuga' build argument 'cmake_force_configure' from command line to 'False'
[10.935s] Level 5:colcon.colcon_core.verb:set package 'tortuga' build argument 'ament_cmake_args' from command line to 'None'
[10.935s] Level 5:colcon.colcon_core.verb:set package 'tortuga' build argument 'catkin_cmake_args' from command line to 'None'
[10.935s] Level 5:colcon.colcon_core.verb:set package 'tortuga' build argument 'catkin_skip_building_tests' from command line to 'False'
[10.936s] DEBUG:colcon.colcon_core.verb:Building package 'tortuga' with the following arguments: {'ament_cmake_args': None, 'build_base': '/home/salman/Desktop/turtle/practicatortuga/build/tortuga', 'catkin_cmake_args': None, 'catkin_skip_building_tests': False, 'cmake_args': None, 'cmake_clean_cache': False, 'cmake_clean_first': False, 'cmake_force_configure': False, 'cmake_target': None, 'cmake_target_skip_unavailable': False, 'install_base': '/home/salman/Desktop/turtle/practicatortuga/install/tortuga', 'merge_install': False, 'path': '/home/salman/Desktop/turtle/practicatortuga/src/tortuga', 'symlink_install': False, 'test_result_base': None}
[10.936s] INFO:colcon.colcon_core.executor:Executing jobs using 'parallel' executor
[10.939s] DEBUG:colcon.colcon_parallel_executor.executor.parallel:run_until_complete
[10.939s] INFO:colcon.colcon_ros.task.ament_python.build:Building ROS package in '/home/salman/Desktop/turtle/practicatortuga/src/tortuga' with build type 'ament_python'
[10.939s] Level 1:colcon.colcon_core.shell:create_environment_hook('tortuga', 'ament_prefix_path')
[11.003s] INFO:colcon.colcon_core.plugin_system:Skipping extension 'colcon_core.shell.bat': Not used on non-Windows systems
[11.003s] INFO:colcon.colcon_core.shell:Creating environment hook '/home/salman/Desktop/turtle/practicatortuga/install/tortuga/share/tortuga/hook/ament_prefix_path.ps1'
[11.007s] INFO:colcon.colcon_core.shell:Creating environment descriptor '/home/salman/Desktop/turtle/practicatortuga/install/tortuga/share/tortuga/hook/ament_prefix_path.dsv'
[11.014s] INFO:colcon.colcon_core.shell:Creating environment hook '/home/salman/Desktop/turtle/practicatortuga/install/tortuga/share/tortuga/hook/ament_prefix_path.sh'
[11.020s] INFO:colcon.colcon_core.shell:Skip shell extension 'powershell' for command environment: Not usable outside of PowerShell
[11.021s] DEBUG:colcon.colcon_core.shell:Skip shell extension 'dsv' for command environment
[11.250s] INFO:colcon.colcon_core.task.python.build:Building Python package in '/home/salman/Desktop/turtle/practicatortuga/src/tortuga'
[11.252s] INFO:colcon.colcon_core.shell:Skip shell extension 'powershell' for command environment: Not usable outside of PowerShell
[11.252s] DEBUG:colcon.colcon_core.shell:Skip shell extension 'dsv' for command environment
[12.128s] DEBUG:colcon.colcon_core.event_handler.log_command:Invoking command in '/home/salman/Desktop/turtle/practicatortuga/src/tortuga': PYTHONPATH=/home/salman/Desktop/turtle/practicatortuga/install/tortuga/lib/python3.10/site-packages:${PYTHONPATH} /usr/bin/python3 setup.py egg_info --egg-base ../../build/tortuga build --build-base /home/salman/Desktop/turtle/practicatortuga/build/tortuga/build install --prefix /home/salman/Desktop/turtle/practicatortuga/install/tortuga --record /home/salman/Desktop/turtle/practicatortuga/build/tortuga/install.log --single-version-externally-managed
[12.473s] DEBUG:colcon.colcon_core.event_handler.log_command:Invoked command in '/home/salman/Desktop/turtle/practicatortuga/src/tortuga' returned '0': PYTHONPATH=/home/salman/Desktop/turtle/practicatortuga/install/tortuga/lib/python3.10/site-packages:${PYTHONPATH} /usr/bin/python3 setup.py egg_info --egg-base ../../build/tortuga build --build-base /home/salman/Desktop/turtle/practicatortuga/build/tortuga/build install --prefix /home/salman/Desktop/turtle/practicatortuga/install/tortuga --record /home/salman/Desktop/turtle/practicatortuga/build/tortuga/install.log --single-version-externally-managed
[12.710s] Level 1:colcon.colcon_core.environment:checking '/home/salman/Desktop/turtle/practicatortuga/install/tortuga' for CMake module files
[12.712s] Level 1:colcon.colcon_core.environment:checking '/home/salman/Desktop/turtle/practicatortuga/install/tortuga' for CMake config files
[12.714s] Level 1:colcon.colcon_core.environment:checking '/home/salman/Desktop/turtle/practicatortuga/install/tortuga/lib'
[12.714s] Level 1:colcon.colcon_core.environment:checking '/home/salman/Desktop/turtle/practicatortuga/install/tortuga/bin'
[12.715s] Level 1:colcon.colcon_core.environment:checking '/home/salman/Desktop/turtle/practicatortuga/install/tortuga/lib/pkgconfig/tortuga.pc'
[12.715s] Level 1:colcon.colcon_core.environment:checking '/home/salman/Desktop/turtle/practicatortuga/install/tortuga/lib/python3.10/site-packages'
[12.716s] Level 1:colcon.colcon_core.shell:create_environment_hook('tortuga', 'pythonpath')
[12.720s] INFO:colcon.colcon_core.shell:Creating environment hook '/home/salman/Desktop/turtle/practicatortuga/install/tortuga/share/tortuga/hook/pythonpath.ps1'
[12.721s] INFO:colcon.colcon_core.shell:Creating environment descriptor '/home/salman/Desktop/turtle/practicatortuga/install/tortuga/share/tortuga/hook/pythonpath.dsv'
[12.722s] INFO:colcon.colcon_core.shell:Creating environment hook '/home/salman/Desktop/turtle/practicatortuga/install/tortuga/share/tortuga/hook/pythonpath.sh'
[12.724s] Level 1:colcon.colcon_core.environment:checking '/home/salman/Desktop/turtle/practicatortuga/install/tortuga/bin'
[12.724s] Level 1:colcon.colcon_core.environment:create_environment_scripts_only(tortuga)
[12.728s] INFO:colcon.colcon_core.shell:Creating package script '/home/salman/Desktop/turtle/practicatortuga/install/tortuga/share/tortuga/package.ps1'
[12.739s] INFO:colcon.colcon_core.shell:Creating package descriptor '/home/salman/Desktop/turtle/practicatortuga/install/tortuga/share/tortuga/package.dsv'
[12.758s] INFO:colcon.colcon_core.shell:Creating package script '/home/salman/Desktop/turtle/practicatortuga/install/tortuga/share/tortuga/package.sh'
[12.761s] INFO:colcon.colcon_core.shell:Creating package script '/home/salman/Desktop/turtle/practicatortuga/install/tortuga/share/tortuga/package.bash'
[12.782s] INFO:colcon.colcon_core.shell:Creating package script '/home/salman/Desktop/turtle/practicatortuga/install/tortuga/share/tortuga/package.zsh'
[12.784s] Level 1:colcon.colcon_core.environment:create_file_with_runtime_dependencies(/home/salman/Desktop/turtle/practicatortuga/install/tortuga/share/colcon-core/packages/tortuga)
[12.785s] DEBUG:colcon.colcon_parallel_executor.executor.parallel:closing loop
[12.786s] DEBUG:colcon.colcon_parallel_executor.executor.parallel:loop closed
[12.787s] DEBUG:colcon.colcon_parallel_executor.executor.parallel:run_until_complete finished with '0'
[12.787s] DEBUG:colcon.colcon_core.event_reactor:joining thread
[12.836s] INFO:colcon.colcon_core.plugin_system:Skipping extension 'colcon_notification.desktop_notification.terminal_notifier': Not used on non-Darwin systems
[12.836s] INFO:colcon.colcon_core.plugin_system:Skipping extension 'colcon_notification.desktop_notification.win32': Not used on non-Windows systems
[12.836s] INFO:colcon.colcon_notification.desktop_notification:Sending desktop notification using 'notify2'
[12.857s] DEBUG:colcon.colcon_core.event_reactor:joined thread
[12.859s] INFO:colcon.colcon_core.shell:Creating prefix script '/home/salman/Desktop/turtle/practicatortuga/install/local_setup.ps1'
[12.877s] INFO:colcon.colcon_core.shell:Creating prefix util module '/home/salman/Desktop/turtle/practicatortuga/install/_local_setup_util_ps1.py'
[12.908s] INFO:colcon.colcon_core.shell:Creating prefix chain script '/home/salman/Desktop/turtle/practicatortuga/install/setup.ps1'
[12.912s] INFO:colcon.colcon_core.shell:Creating prefix script '/home/salman/Desktop/turtle/practicatortuga/install/local_setup.sh'
[12.914s] INFO:colcon.colcon_core.shell:Creating prefix util module '/home/salman/Desktop/turtle/practicatortuga/install/_local_setup_util_sh.py'
[12.916s] INFO:colcon.colcon_core.shell:Creating prefix chain script '/home/salman/Desktop/turtle/practicatortuga/install/setup.sh'
[12.921s] INFO:colcon.colcon_core.shell:Creating prefix script '/home/salman/Desktop/turtle/practicatortuga/install/local_setup.bash'
[12.923s] INFO:colcon.colcon_core.shell:Creating prefix chain script '/home/salman/Desktop/turtle/practicatortuga/install/setup.bash'
[12.927s] INFO:colcon.colcon_core.shell:Creating prefix script '/home/salman/Desktop/turtle/practicatortuga/install/local_setup.zsh'
[12.929s] INFO:colcon.colcon_core.shell:Creating prefix chain script '/home/salman/Desktop/turtle/practicatortuga/install/setup.zsh'
