[0.236s] DEBUG:colcon:Command line arguments: ['/usr/bin/colcon', 'list', '-p', '--base-paths', '/home/ros/Escritorio/practicatortuga']
[0.236s] DEBUG:colcon:Parsed command line arguments: Namespace(log_base=None, log_level=None, verb_name='list', build_base='build', ignore_user_meta=False, metas=['./colcon.meta'], base_paths=['/home/ros/Escritorio/practicatortuga'], packages_ignore=None, packages_ignore_regex=None, paths=None, packages_up_to=None, packages_up_to_regex=None, packages_above=None, packages_above_and_dependencies=None, packages_above_depth=None, packages_select_by_dep=None, packages_skip_by_dep=None, packages_skip_up_to=None, packages_select_build_failed=False, packages_skip_build_finished=False, packages_select_test_failures=False, packages_skip_test_passed=False, packages_select=None, packages_skip=None, packages_select_regex=None, packages_skip_regex=None, packages_start=None, packages_end=None, allow_overriding=[], topological_order=False, names_only=False, paths_only=True, topological_graph=False, topological_graph_dot=False, topological_graph_density=False, topological_graph_legend=False, topological_graph_dot_cluster=False, topological_graph_dot_include_skipped=False, verb_parser=<colcon_defaults.argument_parser.defaults.DefaultArgumentsDecorator object at 0x7f56a7749660>, verb_extension=<colcon_package_information.verb.list.ListVerb object at 0x7f56a791dff0>, main=<bound method ListVerb.main of <colcon_package_information.verb.list.ListVerb object at 0x7f56a791dff0>>)
[0.259s] Level 1:colcon.colcon_core.package_discovery:discover_packages(colcon_meta) check parameters
[0.260s] Level 1:colcon.colcon_core.package_discovery:discover_packages(recursive) check parameters
[0.260s] Level 1:colcon.colcon_core.package_discovery:discover_packages(ignore) check parameters
[0.260s] Level 1:colcon.colcon_core.package_discovery:discover_packages(path) check parameters
[0.260s] Level 1:colcon.colcon_core.package_discovery:discover_packages(recursive) discover
[0.260s] INFO:colcon.colcon_core.package_discovery:Crawling recursively for packages in '/home/ros/Escritorio/practicatortuga'
[0.260s] Level 1:colcon.colcon_core.package_identification:_identify(/home/ros/Escritorio/practicatortuga) by extensions ['ignore', 'ignore_ament_install']
[0.260s] Level 1:colcon.colcon_core.package_identification:_identify(/home/ros/Escritorio/practicatortuga) by extension 'ignore'
[0.260s] Level 1:colcon.colcon_core.package_identification:_identify(/home/ros/Escritorio/practicatortuga) by extension 'ignore_ament_install'
[0.260s] Level 1:colcon.colcon_core.package_identification:_identify(/home/ros/Escritorio/practicatortuga) by extensions ['colcon_pkg']
[0.260s] Level 1:colcon.colcon_core.package_identification:_identify(/home/ros/Escritorio/practicatortuga) by extension 'colcon_pkg'
[0.260s] Level 1:colcon.colcon_core.package_identification:_identify(/home/ros/Escritorio/practicatortuga) by extensions ['colcon_meta']
[0.260s] Level 1:colcon.colcon_core.package_identification:_identify(/home/ros/Escritorio/practicatortuga) by extension 'colcon_meta'
[0.260s] Level 1:colcon.colcon_core.package_identification:_identify(/home/ros/Escritorio/practicatortuga) by extensions ['ros']
[0.260s] Level 1:colcon.colcon_core.package_identification:_identify(/home/ros/Escritorio/practicatortuga) by extension 'ros'
[0.270s] Level 1:colcon.colcon_core.package_identification:_identify(/home/ros/Escritorio/practicatortuga) by extensions ['cmake', 'python']
[0.270s] Level 1:colcon.colcon_core.package_identification:_identify(/home/ros/Escritorio/practicatortuga) by extension 'cmake'
[0.270s] Level 1:colcon.colcon_core.package_identification:_identify(/home/ros/Escritorio/practicatortuga) by extension 'python'
[0.270s] Level 1:colcon.colcon_core.package_identification:_identify(/home/ros/Escritorio/practicatortuga) by extensions ['python_setup_py']
[0.270s] Level 1:colcon.colcon_core.package_identification:_identify(/home/ros/Escritorio/practicatortuga) by extension 'python_setup_py'
[0.270s] Level 1:colcon.colcon_core.package_identification:_identify(/home/ros/Escritorio/practicatortuga/build) by extensions ['ignore', 'ignore_ament_install']
[0.270s] Level 1:colcon.colcon_core.package_identification:_identify(/home/ros/Escritorio/practicatortuga/build) by extension 'ignore'
[0.270s] Level 1:colcon.colcon_core.package_identification:_identify(/home/ros/Escritorio/practicatortuga/build) ignored
[0.270s] Level 1:colcon.colcon_core.package_identification:_identify(/home/ros/Escritorio/practicatortuga/install) by extensions ['ignore', 'ignore_ament_install']
[0.270s] Level 1:colcon.colcon_core.package_identification:_identify(/home/ros/Escritorio/practicatortuga/install) by extension 'ignore'
[0.270s] Level 1:colcon.colcon_core.package_identification:_identify(/home/ros/Escritorio/practicatortuga/install) ignored
[0.270s] Level 1:colcon.colcon_core.package_identification:_identify(/home/ros/Escritorio/practicatortuga/log) by extensions ['ignore', 'ignore_ament_install']
[0.271s] Level 1:colcon.colcon_core.package_identification:_identify(/home/ros/Escritorio/practicatortuga/log) by extension 'ignore'
[0.271s] Level 1:colcon.colcon_core.package_identification:_identify(/home/ros/Escritorio/practicatortuga/log) ignored
[0.271s] Level 1:colcon.colcon_core.package_identification:_identify(/home/ros/Escritorio/practicatortuga/src) by extensions ['ignore', 'ignore_ament_install']
[0.271s] Level 1:colcon.colcon_core.package_identification:_identify(/home/ros/Escritorio/practicatortuga/src) by extension 'ignore'
[0.271s] Level 1:colcon.colcon_core.package_identification:_identify(/home/ros/Escritorio/practicatortuga/src) by extension 'ignore_ament_install'
[0.271s] Level 1:colcon.colcon_core.package_identification:_identify(/home/ros/Escritorio/practicatortuga/src) by extensions ['colcon_pkg']
[0.271s] Level 1:colcon.colcon_core.package_identification:_identify(/home/ros/Escritorio/practicatortuga/src) by extension 'colcon_pkg'
[0.271s] Level 1:colcon.colcon_core.package_identification:_identify(/home/ros/Escritorio/practicatortuga/src) by extensions ['colcon_meta']
[0.271s] Level 1:colcon.colcon_core.package_identification:_identify(/home/ros/Escritorio/practicatortuga/src) by extension 'colcon_meta'
[0.271s] Level 1:colcon.colcon_core.package_identification:_identify(/home/ros/Escritorio/practicatortuga/src) by extensions ['ros']
[0.271s] Level 1:colcon.colcon_core.package_identification:_identify(/home/ros/Escritorio/practicatortuga/src) by extension 'ros'
[0.271s] Level 1:colcon.colcon_core.package_identification:_identify(/home/ros/Escritorio/practicatortuga/src) by extensions ['cmake', 'python']
[0.271s] Level 1:colcon.colcon_core.package_identification:_identify(/home/ros/Escritorio/practicatortuga/src) by extension 'cmake'
[0.271s] Level 1:colcon.colcon_core.package_identification:_identify(/home/ros/Escritorio/practicatortuga/src) by extension 'python'
[0.271s] Level 1:colcon.colcon_core.package_identification:_identify(/home/ros/Escritorio/practicatortuga/src) by extensions ['python_setup_py']
[0.271s] Level 1:colcon.colcon_core.package_identification:_identify(/home/ros/Escritorio/practicatortuga/src) by extension 'python_setup_py'
[0.271s] Level 1:colcon.colcon_core.package_identification:_identify(/home/ros/Escritorio/practicatortuga/src/tortuga) by extensions ['ignore', 'ignore_ament_install']
[0.271s] Level 1:colcon.colcon_core.package_identification:_identify(/home/ros/Escritorio/practicatortuga/src/tortuga) by extension 'ignore'
[0.271s] Level 1:colcon.colcon_core.package_identification:_identify(/home/ros/Escritorio/practicatortuga/src/tortuga) by extension 'ignore_ament_install'
[0.271s] Level 1:colcon.colcon_core.package_identification:_identify(/home/ros/Escritorio/practicatortuga/src/tortuga) by extensions ['colcon_pkg']
[0.271s] Level 1:colcon.colcon_core.package_identification:_identify(/home/ros/Escritorio/practicatortuga/src/tortuga) by extension 'colcon_pkg'
[0.271s] Level 1:colcon.colcon_core.package_identification:_identify(/home/ros/Escritorio/practicatortuga/src/tortuga) by extensions ['colcon_meta']
[0.271s] Level 1:colcon.colcon_core.package_identification:_identify(/home/ros/Escritorio/practicatortuga/src/tortuga) by extension 'colcon_meta'
[0.271s] Level 1:colcon.colcon_core.package_identification:_identify(/home/ros/Escritorio/practicatortuga/src/tortuga) by extensions ['ros']
[0.272s] Level 1:colcon.colcon_core.package_identification:_identify(/home/ros/Escritorio/practicatortuga/src/tortuga) by extension 'ros'
[0.274s] DEBUG:colcon.colcon_core.package_identification:Package '/home/ros/Escritorio/practicatortuga/src/tortuga' with type 'ros.ament_python' and name 'tortuga'
[0.274s] Level 1:colcon.colcon_core.package_discovery:discover_packages(recursive) using defaults
